  AimBot.cpp
D:\CppVisualStudio\AimBot\AimBot\AimBot.cpp(23,12): error C2664: „int strcmp(const char *,const char *)”: nie można dokonać konwersji argumentu 1 z „WCHAR [256]” do „const char *”
D:\CppVisualStudio\AimBot\AimBot\AimBot.cpp(23,29): message : Wskazane typy nie są powiązane; konwersja wymaga operatora reinterpret_cast, rzutowania w stylu języka C lub rzutowania w stylu funkcji
C:\Program Files (x86)\Windows Kits\10\Include\10.0.18362.0\ucrt\string.h(100,13): message : zobacz deklarację „strcmp”
D:\CppVisualStudio\AimBot\AimBot\AimBot.cpp(28,39): warning C4311: "typ rzutowania": obcięcie wskaźnika z "BYTE *" do "DWORD"
D:\CppVisualStudio\AimBot\AimBot\AimBot.cpp(28,39): warning C4302: "typ rzutowania": obcięcie z "BYTE *" do "DWORD"
D:\CppVisualStudio\AimBot\AimBot\AimBot.cpp(71,40): warning C4244: "argument": konwersja z "double" do "float", możliwa utrata danych
D:\CppVisualStudio\AimBot\AimBot\AimBot.cpp(72,40): warning C4244: "argument": konwersja z "double" do "float", możliwa utrata danych
D:\CppVisualStudio\AimBot\AimBot\AimBot.cpp(102,62): error C2664: „HWND FindWindowW(LPCWSTR,LPCWSTR)”: nie można dokonać konwersji argumentu 2 z „const char [33]” do „LPCWSTR”
D:\CppVisualStudio\AimBot\AimBot\AimBot.cpp(102,28): message : Wskazane typy nie są powiązane; konwersja wymaga operatora reinterpret_cast, rzutowania w stylu języka C lub rzutowania w stylu funkcji
C:\Program Files (x86)\Windows Kits\10\Include\10.0.18362.0\um\winuser.h(10049,1): message : zobacz deklarację „FindWindowW”
D:\CppVisualStudio\AimBot\AimBot\AimBot.cpp(125,89): error C2664: „DWORD GetModuleBaseAddress(LPSTR,DWORD)”: nie można dokonać konwersji argumentu 1 z „const char [20]” do „LPSTR”
D:\CppVisualStudio\AimBot\AimBot\AimBot.cpp(125,63): message : Konwersja z literału ciągu znaków powoduje utratę kwalifikatora const (patrz: /Zc:strictStrings)
D:\CppVisualStudio\AimBot\AimBot\AimBot.cpp(12,7): message : zobacz deklarację „GetModuleBaseAddress”
D:\CppVisualStudio\AimBot\AimBot\AimBot.cpp(126,74): error C2664: „DWORD GetModuleBaseAddress(LPSTR,DWORD)”: nie można dokonać konwersji argumentu 1 z „const char [11]” do „LPSTR”
D:\CppVisualStudio\AimBot\AimBot\AimBot.cpp(126,57): message : Konwersja z literału ciągu znaków powoduje utratę kwalifikatora const (patrz: /Zc:strictStrings)
D:\CppVisualStudio\AimBot\AimBot\AimBot.cpp(12,7): message : zobacz deklarację „GetModuleBaseAddress”
D:\CppVisualStudio\AimBot\AimBot\AimBot.cpp(132,63): warning C4312: "typ rzutowania": konwersja z "DWORD" na "LPCVOID" jest większej wielkości
D:\CppVisualStudio\AimBot\AimBot\AimBot.cpp(132,90): error C2036: "LPCVOID": nieznany rozmiar
D:\CppVisualStudio\AimBot\AimBot\AimBot.cpp(134,63): warning C4312: "typ rzutowania": konwersja z "DWORD" na "LPCVOID" jest większej wielkości
D:\CppVisualStudio\AimBot\AimBot\AimBot.cpp(134,88): error C2036: "LPCVOID": nieznany rozmiar
D:\CppVisualStudio\AimBot\AimBot\AimBot.cpp(166,67): warning C4312: "typ rzutowania": konwersja z "DWORD" na "LPCVOID" jest większej wielkości
D:\CppVisualStudio\AimBot\AimBot\AimBot.cpp(166,87): error C2036: "LPCVOID": nieznany rozmiar
D:\CppVisualStudio\AimBot\AimBot\AimBot.cpp(167,67): warning C4312: "typ rzutowania": konwersja z "DWORD" na "LPCVOID" jest większej wielkości
D:\CppVisualStudio\AimBot\AimBot\AimBot.cpp(167,88): error C2036: "LPCVOID": nieznany rozmiar
D:\CppVisualStudio\AimBot\AimBot\AimBot.cpp(169,67): warning C4312: "typ rzutowania": konwersja z "DWORD" na "LPCVOID" jest większej wielkości
D:\CppVisualStudio\AimBot\AimBot\AimBot.cpp(169,89): error C2036: "LPCVOID": nieznany rozmiar
D:\CppVisualStudio\AimBot\AimBot\AimBot.cpp(170,67): warning C4312: "typ rzutowania": konwersja z "DWORD" na "LPCVOID" jest większej wielkości
D:\CppVisualStudio\AimBot\AimBot\AimBot.cpp(170,93): error C2036: "LPCVOID": nieznany rozmiar
D:\CppVisualStudio\AimBot\AimBot\AimBot.cpp(174,69): warning C4312: "typ rzutowania": konwersja z "DWORD" na "LPCVOID" jest większej wielkości
D:\CppVisualStudio\AimBot\AimBot\AimBot.cpp(174,107): error C2036: "LPCVOID": nieznany rozmiar
D:\CppVisualStudio\AimBot\AimBot\AimBot.cpp(181,77): warning C4312: "typ rzutowania": konwersja z "DWORD" na "LPCVOID" jest większej wielkości
D:\CppVisualStudio\AimBot\AimBot\AimBot.cpp(181,104): error C2036: "LPCVOID": nieznany rozmiar
D:\CppVisualStudio\AimBot\AimBot\AimBot.cpp(181,116): error C2036: "LPCVOID": nieznany rozmiar
D:\CppVisualStudio\AimBot\AimBot\AimBot.cpp(186,72): warning C4312: "typ rzutowania": konwersja z "DWORD" na "LPCVOID" jest większej wielkości
D:\CppVisualStudio\AimBot\AimBot\AimBot.cpp(186,93): error C2036: "LPCVOID": nieznany rozmiar
D:\CppVisualStudio\AimBot\AimBot\AimBot.cpp(187,72): warning C4312: "typ rzutowania": konwersja z "DWORD" na "LPCVOID" jest większej wielkości
D:\CppVisualStudio\AimBot\AimBot\AimBot.cpp(187,92): error C2036: "LPCVOID": nieznany rozmiar
D:\CppVisualStudio\AimBot\AimBot\AimBot.cpp(188,72): warning C4312: "typ rzutowania": konwersja z "DWORD" na "LPCVOID" jest większej wielkości
D:\CppVisualStudio\AimBot\AimBot\AimBot.cpp(188,93): error C2036: "LPCVOID": nieznany rozmiar
D:\CppVisualStudio\AimBot\AimBot\AimBot.cpp(190,72): warning C4312: "typ rzutowania": konwersja z "DWORD" na "LPCVOID" jest większej wielkości
D:\CppVisualStudio\AimBot\AimBot\AimBot.cpp(190,94): error C2036: "LPCVOID": nieznany rozmiar
D:\CppVisualStudio\AimBot\AimBot\AimBot.cpp(192,72): warning C4312: "typ rzutowania": konwersja z "DWORD" na "LPCVOID" jest większej wielkości
D:\CppVisualStudio\AimBot\AimBot\AimBot.cpp(192,97): error C2036: "LPCVOID": nieznany rozmiar
D:\CppVisualStudio\AimBot\AimBot\AimBot.cpp(193,77): warning C4312: "typ rzutowania": konwersja z "DWORD" na "LPCVOID" jest większej wielkości
D:\CppVisualStudio\AimBot\AimBot\AimBot.cpp(193,97): error C2036: "LPCVOID": nieznany rozmiar
D:\CppVisualStudio\AimBot\AimBot\AimBot.cpp(193,103): error C2036: "LPCVOID": nieznany rozmiar
D:\CppVisualStudio\AimBot\AimBot\AimBot.cpp(194,77): warning C4312: "typ rzutowania": konwersja z "DWORD" na "LPCVOID" jest większej wielkości
D:\CppVisualStudio\AimBot\AimBot\AimBot.cpp(194,97): error C2036: "LPCVOID": nieznany rozmiar
D:\CppVisualStudio\AimBot\AimBot\AimBot.cpp(194,103): error C2036: "LPCVOID": nieznany rozmiar
D:\CppVisualStudio\AimBot\AimBot\AimBot.cpp(195,77): warning C4312: "typ rzutowania": konwersja z "DWORD" na "LPCVOID" jest większej wielkości
D:\CppVisualStudio\AimBot\AimBot\AimBot.cpp(195,97): error C2036: "LPCVOID": nieznany rozmiar
D:\CppVisualStudio\AimBot\AimBot\AimBot.cpp(195,103): error C2036: "LPCVOID": nieznany rozmiar
D:\CppVisualStudio\AimBot\AimBot\AimBot.cpp(213,75): warning C4244: "=": konwersja z "float" do "int", możliwa utrata danych
D:\CppVisualStudio\AimBot\AimBot\AimBot.cpp(241,85): warning C4312: "typ rzutowania": konwersja z "DWORD" na "LPVOID" jest większej wielkości
D:\CppVisualStudio\AimBot\AimBot\AimBot.cpp(241,123): error C2036: "LPVOID": nieznany rozmiar
